[19-Dec-2019 09:02:37] NOTICE: fpm is running, pid 21628
[19-Dec-2019 09:02:37] NOTICE: ready to handle connections
[19-Dec-2019 22:16:18] NOTICE: Terminating ...
[19-Dec-2019 22:16:18] NOTICE: Terminating ...
[19-Dec-2019 22:16:18] NOTICE: exiting, bye-bye!
[19-Dec-2019 22:18:38] NOTICE: fpm is running, pid 29030
[19-Dec-2019 22:18:38] NOTICE: ready to handle connections
[19-Dec-2019 22:28:51] NOTICE: Terminating ...
[19-Dec-2019 22:28:51] NOTICE: Terminating ...
[19-Dec-2019 22:28:51] NOTICE: exiting, bye-bye!
[19-Dec-2019 23:20:23] NOTICE: fpm is running, pid 29626
[19-Dec-2019 23:20:23] NOTICE: ready to handle connections
[20-Dec-2019 00:31:41] NOTICE: Terminating ...
[20-Dec-2019 00:31:41] NOTICE: Terminating ...
[20-Dec-2019 00:31:41] NOTICE: exiting, bye-bye!
[20-Dec-2019 07:43:42] NOTICE: fpm is running, pid 41465
[20-Dec-2019 07:43:42] NOTICE: ready to handle connections
[20-Dec-2019 07:48:07] WARNING: [pool www] child 41504 said into stderr: "sh: mysqldump: command not found"
[20-Dec-2019 07:48:07] WARNING: [pool www] child 41504 said into stderr: "sh: mysqldump: command not found"
[20-Dec-2019 07:48:07] WARNING: [pool www] child 41504 said into stderr: "sh: mysqldump: command not found"
[20-Dec-2019 07:48:07] WARNING: [pool www] child 41504 said into stderr: "sh: mysqldump: command not found"
[20-Dec-2019 07:48:07] WARNING: [pool www] child 41504 said into stderr: "sh: mysqldump: command not found"
[20-Dec-2019 07:48:07] WARNING: [pool www] child 41504 said into stderr: "sh: mysqldump: command not found"
[20-Dec-2019 07:48:07] WARNING: [pool www] child 41504 said into stderr: "sh: mysqldump: command not found"
[20-Dec-2019 07:48:07] WARNING: [pool www] child 41504 said into stderr: "sh: mysqldump: command not found"
[20-Dec-2019 07:48:07] WARNING: [pool www] child 41504 said into stderr: "sh: mysqldump: command not found"
[20-Dec-2019 07:48:07] WARNING: [pool www] child 41504 said into stderr: "sh: mysqldump: command not found"
[20-Dec-2019 07:48:07] WARNING: [pool www] child 41504 said into stderr: "sh: mysqldump: command not found"
[20-Dec-2019 07:48:07] WARNING: [pool www] child 41504 said into stderr: "sh: mysqldump: command not found"
[20-Dec-2019 07:48:07] WARNING: [pool www] child 41504 said into stderr: "sh: mysqldump: command not found"
[20-Dec-2019 07:48:07] WARNING: [pool www] child 41504 said into stderr: "sh: mysqldump: command not found"
[20-Dec-2019 07:48:07] WARNING: [pool www] child 41504 said into stderr: "sh: mysqldump: command not found"
[20-Dec-2019 07:48:07] WARNING: [pool www] child 41504 said into stderr: "sh: mysqldump: command not found"
[20-Dec-2019 07:48:07] WARNING: [pool www] child 41504 said into stderr: "sh: mysqldump: command not found"
[20-Dec-2019 07:48:07] WARNING: [pool www] child 41504 said into stderr: "sh: mysqldump: command not found"
[20-Dec-2019 07:48:07] WARNING: [pool www] child 41504 said into stderr: "sh: mysqldump: command not found"
[20-Dec-2019 07:48:07] WARNING: [pool www] child 41504 said into stderr: "sh: mysqldump: command not found"
[20-Dec-2019 07:48:07] WARNING: [pool www] child 41504 said into stderr: "sh: mysqldump: command not found"
[20-Dec-2019 07:48:07] WARNING: [pool www] child 41504 said into stderr: "sh: mysqldump: command not found"
[20-Dec-2019 07:48:07] WARNING: [pool www] child 41504 said into stderr: "sh: mysqldump: command not found"
[20-Dec-2019 07:48:07] WARNING: [pool www] child 41504 said into stderr: "sh: mysqldump: command not found"
[20-Dec-2019 07:48:07] WARNING: [pool www] child 41504 said into stderr: "sh: mysqldump: command not found"
[20-Dec-2019 07:48:07] WARNING: [pool www] child 41504 said into stderr: "sh: mysqldump: command not found"
[20-Dec-2019 07:48:07] WARNING: [pool www] child 41504 said into stderr: "sh: mysqldump: command not found"
[20-Dec-2019 07:48:07] WARNING: [pool www] child 41504 said into stderr: "sh: mysqldump: command not found"
[20-Dec-2019 07:48:07] WARNING: [pool www] child 41504 said into stderr: "sh: mysqldump: command not found"
[20-Dec-2019 07:48:07] WARNING: [pool www] child 41504 said into stderr: "sh: mysqldump: command not found"
[20-Dec-2019 07:48:07] WARNING: [pool www] child 41504 said into stderr: "sh: mysqldump: command not found"
[20-Dec-2019 07:48:07] WARNING: [pool www] child 41504 said into stderr: "sh: mysqldump: command not found"
[20-Dec-2019 07:48:07] WARNING: [pool www] child 41504 said into stderr: "sh: mysqldump: command not found"
[20-Dec-2019 07:48:07] WARNING: [pool www] child 41504 said into stderr: "sh: mysqldump: command not found"
[20-Dec-2019 07:48:07] WARNING: [pool www] child 41504 said into stderr: "sh: mysqldump: command not found"
[20-Dec-2019 07:48:07] WARNING: [pool www] child 41504 said into stderr: "sh: mysqldump: command not found"
[20-Dec-2019 07:48:07] WARNING: [pool www] child 41504 said into stderr: "sh: mysqldump: command not found"
[20-Dec-2019 07:48:07] WARNING: [pool www] child 41504 said into stderr: "sh: mysqldump: command not found"
[20-Dec-2019 07:48:07] WARNING: [pool www] child 41504 said into stderr: "sh: mysqldump: command not found"
[20-Dec-2019 07:48:07] WARNING: [pool www] child 41504 said into stderr: "sh: mysqldump: command not found"
[20-Dec-2019 07:48:07] WARNING: [pool www] child 41504 said into stderr: "sh: mysqldump: command not found"
[20-Dec-2019 07:48:07] WARNING: [pool www] child 41504 said into stderr: "sh: mysqldump: command not found"
[20-Dec-2019 07:48:07] WARNING: [pool www] child 41504 said into stderr: "sh: mysqldump: command not found"
[20-Dec-2019 07:48:07] WARNING: [pool www] child 41504 said into stderr: "sh: mysqldump: command not found"
[20-Dec-2019 07:48:07] WARNING: [pool www] child 41504 said into stderr: "sh: mysqldump: command not found"
[20-Dec-2019 07:51:31] WARNING: [pool www] child 41505 said into stderr: "sh: mysqldump: command not found"
[20-Dec-2019 07:51:31] WARNING: [pool www] child 41505 said into stderr: "sh: mysqldump: command not found"
[20-Dec-2019 07:51:31] WARNING: [pool www] child 41505 said into stderr: "sh: mysqldump: command not found"
[20-Dec-2019 07:51:31] WARNING: [pool www] child 41505 said into stderr: "sh: mysqldump: command not found"
[20-Dec-2019 07:51:31] WARNING: [pool www] child 41505 said into stderr: "sh: mysqldump: command not found"
[20-Dec-2019 07:51:31] WARNING: [pool www] child 41505 said into stderr: "sh: mysqldump: command not found"
[20-Dec-2019 07:51:31] WARNING: [pool www] child 41505 said into stderr: "sh: mysqldump: command not found"
[20-Dec-2019 07:51:31] WARNING: [pool www] child 41505 said into stderr: "sh: mysqldump: command not found"
[20-Dec-2019 07:51:31] WARNING: [pool www] child 41505 said into stderr: "sh: mysqldump: command not found"
[20-Dec-2019 07:51:31] WARNING: [pool www] child 41505 said into stderr: "sh: mysqldump: command not found"
[20-Dec-2019 07:51:31] WARNING: [pool www] child 41505 said into stderr: "sh: mysqldump: command not found"
[20-Dec-2019 07:51:31] WARNING: [pool www] child 41505 said into stderr: "sh: mysqldump: command not found"
[20-Dec-2019 07:51:31] WARNING: [pool www] child 41505 said into stderr: "sh: mysqldump: command not found"
[20-Dec-2019 07:51:31] WARNING: [pool www] child 41505 said into stderr: "sh: mysqldump: command not found"
[20-Dec-2019 07:51:31] WARNING: [pool www] child 41505 said into stderr: "sh: mysqldump: command not found"
[20-Dec-2019 07:51:31] WARNING: [pool www] child 41505 said into stderr: "sh: mysqldump: command not found"
[20-Dec-2019 07:51:31] WARNING: [pool www] child 41505 said into stderr: "sh: mysqldump: command not found"
[20-Dec-2019 07:51:31] WARNING: [pool www] child 41505 said into stderr: "sh: mysqldump: command not found"
[20-Dec-2019 07:51:31] WARNING: [pool www] child 41505 said into stderr: "sh: mysqldump: command not found"
[20-Dec-2019 07:51:31] WARNING: [pool www] child 41505 said into stderr: "sh: mysqldump: command not found"
[20-Dec-2019 07:51:31] WARNING: [pool www] child 41505 said into stderr: "sh: mysqldump: command not found"
[20-Dec-2019 07:51:31] WARNING: [pool www] child 41505 said into stderr: "sh: mysqldump: command not found"
[20-Dec-2019 07:51:31] WARNING: [pool www] child 41505 said into stderr: "sh: mysqldump: command not found"
[20-Dec-2019 07:51:31] WARNING: [pool www] child 41505 said into stderr: "sh: mysqldump: command not found"
[20-Dec-2019 07:51:31] WARNING: [pool www] child 41505 said into stderr: "sh: mysqldump: command not found"
[20-Dec-2019 07:51:32] WARNING: [pool www] child 41505 said into stderr: "sh: mysqldump: command not found"
[20-Dec-2019 07:51:32] WARNING: [pool www] child 41505 said into stderr: "sh: mysqldump: command not found"
[20-Dec-2019 07:51:32] WARNING: [pool www] child 41505 said into stderr: "sh: mysqldump: command not found"
[20-Dec-2019 07:51:32] WARNING: [pool www] child 41505 said into stderr: "sh: mysqldump: command not found"
[20-Dec-2019 07:51:32] WARNING: [pool www] child 41505 said into stderr: "sh: mysqldump: command not found"
[20-Dec-2019 07:51:32] WARNING: [pool www] child 41505 said into stderr: "sh: mysqldump: command not found"
[20-Dec-2019 07:51:32] WARNING: [pool www] child 41505 said into stderr: "sh: mysqldump: command not found"
[20-Dec-2019 07:51:32] WARNING: [pool www] child 41505 said into stderr: "sh: mysqldump: command not found"
[20-Dec-2019 07:51:32] WARNING: [pool www] child 41505 said into stderr: "sh: mysqldump: command not found"
[20-Dec-2019 07:51:32] WARNING: [pool www] child 41505 said into stderr: "sh: mysqldump: command not found"
[20-Dec-2019 07:51:32] WARNING: [pool www] child 41505 said into stderr: "sh: mysqldump: command not found"
[20-Dec-2019 07:51:32] WARNING: [pool www] child 41505 said into stderr: "sh: mysqldump: command not found"
[20-Dec-2019 07:51:32] WARNING: [pool www] child 41505 said into stderr: "sh: mysqldump: command not found"
[20-Dec-2019 07:51:32] WARNING: [pool www] child 41505 said into stderr: "sh: mysqldump: command not found"
[20-Dec-2019 07:51:32] WARNING: [pool www] child 41505 said into stderr: "sh: mysqldump: command not found"
[20-Dec-2019 07:51:32] WARNING: [pool www] child 41505 said into stderr: "sh: mysqldump: command not found"
[20-Dec-2019 07:51:32] WARNING: [pool www] child 41505 said into stderr: "sh: mysqldump: command not found"
[20-Dec-2019 07:51:32] WARNING: [pool www] child 41505 said into stderr: "sh: mysqldump: command not found"
[20-Dec-2019 07:51:32] WARNING: [pool www] child 41505 said into stderr: "sh: mysqldump: command not found"
[20-Dec-2019 07:51:32] WARNING: [pool www] child 41505 said into stderr: "sh: mysqldump: command not found"
[20-Dec-2019 07:55:37] WARNING: [pool www] child 41504 said into stderr: "sh: mysqldump: command not found"
[20-Dec-2019 07:55:37] WARNING: [pool www] child 41504 said into stderr: "sh: mysqldump: command not found"
[20-Dec-2019 07:55:37] WARNING: [pool www] child 41504 said into stderr: "sh: mysqldump: command not found"
[20-Dec-2019 07:55:37] WARNING: [pool www] child 41504 said into stderr: "sh: mysqldump: command not found"
[20-Dec-2019 07:55:37] WARNING: [pool www] child 41504 said into stderr: "sh: mysqldump: command not found"
[20-Dec-2019 07:55:37] WARNING: [pool www] child 41504 said into stderr: "sh: mysqldump: command not found"
[20-Dec-2019 07:55:37] WARNING: [pool www] child 41504 said into stderr: "sh: mysqldump: command not found"
[20-Dec-2019 07:55:37] WARNING: [pool www] child 41504 said into stderr: "sh: mysqldump: command not found"
[20-Dec-2019 07:55:37] WARNING: [pool www] child 41504 said into stderr: "sh: mysqldump: command not found"
[20-Dec-2019 07:55:37] WARNING: [pool www] child 41504 said into stderr: "sh: mysqldump: command not found"
[20-Dec-2019 07:55:37] WARNING: [pool www] child 41504 said into stderr: "sh: mysqldump: command not found"
[20-Dec-2019 07:55:37] WARNING: [pool www] child 41504 said into stderr: "sh: mysqldump: command not found"
[20-Dec-2019 07:55:37] WARNING: [pool www] child 41504 said into stderr: "sh: mysqldump: command not found"
[20-Dec-2019 07:55:37] WARNING: [pool www] child 41504 said into stderr: "sh: mysqldump: command not found"
[20-Dec-2019 07:55:37] WARNING: [pool www] child 41504 said into stderr: "sh: mysqldump: command not found"
[20-Dec-2019 07:55:37] WARNING: [pool www] child 41504 said into stderr: "sh: mysqldump: command not found"
[20-Dec-2019 07:55:37] WARNING: [pool www] child 41504 said into stderr: "sh: mysqldump: command not found"
[20-Dec-2019 07:55:37] WARNING: [pool www] child 41504 said into stderr: "sh: mysqldump: command not found"
[20-Dec-2019 07:55:37] WARNING: [pool www] child 41504 said into stderr: "sh: mysqldump: command not found"
[20-Dec-2019 07:55:37] WARNING: [pool www] child 41504 said into stderr: "sh: mysqldump: command not found"
[20-Dec-2019 07:55:37] WARNING: [pool www] child 41504 said into stderr: "sh: mysqldump: command not found"
[20-Dec-2019 07:55:37] WARNING: [pool www] child 41504 said into stderr: "sh: mysqldump: command not found"
[20-Dec-2019 07:55:37] WARNING: [pool www] child 41504 said into stderr: "sh: mysqldump: command not found"
[20-Dec-2019 07:55:37] WARNING: [pool www] child 41504 said into stderr: "sh: mysqldump: command not found"
[20-Dec-2019 07:55:37] WARNING: [pool www] child 41504 said into stderr: "sh: mysqldump: command not found"
[20-Dec-2019 07:55:37] WARNING: [pool www] child 41504 said into stderr: "sh: mysqldump: command not found"
[20-Dec-2019 07:55:37] WARNING: [pool www] child 41504 said into stderr: "sh: mysqldump: command not found"
[20-Dec-2019 07:55:37] WARNING: [pool www] child 41504 said into stderr: "sh: mysqldump: command not found"
[20-Dec-2019 07:55:37] WARNING: [pool www] child 41504 said into stderr: "sh: mysqldump: command not found"
[20-Dec-2019 07:55:37] WARNING: [pool www] child 41504 said into stderr: "sh: mysqldump: command not found"
[20-Dec-2019 07:55:37] WARNING: [pool www] child 41504 said into stderr: "sh: mysqldump: command not found"
[20-Dec-2019 07:55:37] WARNING: [pool www] child 41504 said into stderr: "sh: mysqldump: command not found"
[20-Dec-2019 07:55:37] WARNING: [pool www] child 41504 said into stderr: "sh: mysqldump: command not found"
[20-Dec-2019 07:55:37] WARNING: [pool www] child 41504 said into stderr: "sh: mysqldump: command not found"
[20-Dec-2019 07:55:37] WARNING: [pool www] child 41504 said into stderr: "sh: mysqldump: command not found"
[20-Dec-2019 07:55:37] WARNING: [pool www] child 41504 said into stderr: "sh: mysqldump: command not found"
[20-Dec-2019 07:55:37] WARNING: [pool www] child 41504 said into stderr: "sh: mysqldump: command not found"
[20-Dec-2019 07:55:37] WARNING: [pool www] child 41504 said into stderr: "sh: mysqldump: command not found"
[20-Dec-2019 07:55:37] WARNING: [pool www] child 41504 said into stderr: "sh: mysqldump: command not found"
[20-Dec-2019 07:55:37] WARNING: [pool www] child 41504 said into stderr: "sh: mysqldump: command not found"
[20-Dec-2019 07:55:37] WARNING: [pool www] child 41504 said into stderr: "sh: mysqldump: command not found"
[20-Dec-2019 07:55:37] WARNING: [pool www] child 41504 said into stderr: "sh: mysqldump: command not found"
[20-Dec-2019 07:55:37] WARNING: [pool www] child 41504 said into stderr: "sh: mysqldump: command not found"
[20-Dec-2019 07:55:37] WARNING: [pool www] child 41504 said into stderr: "sh: mysqldump: command not found"
[20-Dec-2019 07:55:37] WARNING: [pool www] child 41504 said into stderr: "sh: mysqldump: command not found"
[20-Dec-2019 07:55:51] WARNING: [pool www] child 41504 said into stderr: "sh: mysqldump: command not found"
[20-Dec-2019 07:55:51] WARNING: [pool www] child 41504 said into stderr: "sh: mysqldump: command not found"
[20-Dec-2019 07:55:51] WARNING: [pool www] child 41504 said into stderr: "sh: mysqldump: command not found"
[20-Dec-2019 07:55:51] WARNING: [pool www] child 41504 said into stderr: "sh: mysqldump: command not found"
[20-Dec-2019 07:55:51] WARNING: [pool www] child 41504 said into stderr: "sh: mysqldump: command not found"
[20-Dec-2019 07:55:51] WARNING: [pool www] child 41504 said into stderr: "sh: mysqldump: command not found"
[20-Dec-2019 07:55:51] WARNING: [pool www] child 41504 said into stderr: "sh: mysqldump: command not found"
[20-Dec-2019 07:55:51] WARNING: [pool www] child 41504 said into stderr: "sh: mysqldump: command not found"
[20-Dec-2019 07:55:51] WARNING: [pool www] child 41504 said into stderr: "sh: mysqldump: command not found"
[20-Dec-2019 07:55:51] WARNING: [pool www] child 41504 said into stderr: "sh: mysqldump: command not found"
[20-Dec-2019 07:55:51] WARNING: [pool www] child 41504 said into stderr: "sh: mysqldump: command not found"
[20-Dec-2019 07:55:51] WARNING: [pool www] child 41504 said into stderr: "sh: mysqldump: command not found"
[20-Dec-2019 07:55:51] WARNING: [pool www] child 41504 said into stderr: "sh: mysqldump: command not found"
[20-Dec-2019 07:55:51] WARNING: [pool www] child 41504 said into stderr: "sh: mysqldump: command not found"
[20-Dec-2019 07:55:51] WARNING: [pool www] child 41504 said into stderr: "sh: mysqldump: command not found"
[20-Dec-2019 07:55:51] WARNING: [pool www] child 41504 said into stderr: "sh: mysqldump: command not found"
[20-Dec-2019 07:55:51] WARNING: [pool www] child 41504 said into stderr: "sh: mysqldump: command not found"
[20-Dec-2019 07:55:51] WARNING: [pool www] child 41504 said into stderr: "sh: mysqldump: command not found"
[20-Dec-2019 07:55:51] WARNING: [pool www] child 41504 said into stderr: "sh: mysqldump: command not found"
[20-Dec-2019 07:55:51] WARNING: [pool www] child 41504 said into stderr: "sh: mysqldump: command not found"
[20-Dec-2019 07:55:51] WARNING: [pool www] child 41504 said into stderr: "sh: mysqldump: command not found"
[20-Dec-2019 07:55:51] WARNING: [pool www] child 41504 said into stderr: "sh: mysqldump: command not found"
[20-Dec-2019 07:55:51] WARNING: [pool www] child 41504 said into stderr: "sh: mysqldump: command not found"
[20-Dec-2019 07:55:51] WARNING: [pool www] child 41504 said into stderr: "sh: mysqldump: command not found"
[20-Dec-2019 07:55:51] WARNING: [pool www] child 41504 said into stderr: "sh: mysqldump: command not found"
[20-Dec-2019 07:55:51] WARNING: [pool www] child 41504 said into stderr: "sh: mysqldump: command not found"
[20-Dec-2019 07:55:51] WARNING: [pool www] child 41504 said into stderr: "sh: mysqldump: command not found"
[20-Dec-2019 07:55:51] WARNING: [pool www] child 41504 said into stderr: "sh: mysqldump: command not found"
[20-Dec-2019 07:55:51] WARNING: [pool www] child 41504 said into stderr: "sh: mysqldump: command not found"
[20-Dec-2019 07:55:51] WARNING: [pool www] child 41504 said into stderr: "sh: mysqldump: command not found"
[20-Dec-2019 07:55:51] WARNING: [pool www] child 41504 said into stderr: "sh: mysqldump: command not found"
[20-Dec-2019 07:55:51] WARNING: [pool www] child 41504 said into stderr: "sh: mysqldump: command not found"
[20-Dec-2019 07:55:51] WARNING: [pool www] child 41504 said into stderr: "sh: mysqldump: command not found"
[20-Dec-2019 07:55:51] WARNING: [pool www] child 41504 said into stderr: "sh: mysqldump: command not found"
[20-Dec-2019 07:55:51] WARNING: [pool www] child 41504 said into stderr: "sh: mysqldump: command not found"
[20-Dec-2019 07:55:51] WARNING: [pool www] child 41504 said into stderr: "sh: mysqldump: command not found"
[20-Dec-2019 07:55:51] WARNING: [pool www] child 41504 said into stderr: "sh: mysqldump: command not found"
[20-Dec-2019 07:55:51] WARNING: [pool www] child 41504 said into stderr: "sh: mysqldump: command not found"
[20-Dec-2019 07:55:52] WARNING: [pool www] child 41504 said into stderr: "sh: mysqldump: command not found"
[20-Dec-2019 07:55:52] WARNING: [pool www] child 41504 said into stderr: "sh: mysqldump: command not found"
[20-Dec-2019 07:55:52] WARNING: [pool www] child 41504 said into stderr: "sh: mysqldump: command not found"
[20-Dec-2019 07:55:52] WARNING: [pool www] child 41504 said into stderr: "sh: mysqldump: command not found"
[20-Dec-2019 07:55:52] WARNING: [pool www] child 41504 said into stderr: "sh: mysqldump: command not found"
[20-Dec-2019 07:55:52] WARNING: [pool www] child 41504 said into stderr: "sh: mysqldump: command not found"
[20-Dec-2019 07:55:52] WARNING: [pool www] child 41504 said into stderr: "sh: mysqldump: command not found"
